\BOOKMARK [0][-]{chapter.1}{1 Introduction}{}% 1
\BOOKMARK [0][-]{chapter.2}{2 Problem Statement}{}% 2
\BOOKMARK [0][-]{chapter.3}{3 Related Work}{}% 3
\BOOKMARK [0][-]{chapter.4}{4 Background}{}% 4
\BOOKMARK [1][-]{section.4.1}{4.1 Merkle hash tree}{chapter.4}% 5
\BOOKMARK [1][-]{section.4.2}{4.2 B+ tree}{chapter.4}% 6
\BOOKMARK [1][-]{section.4.3}{4.3 Radix Path Identifier}{chapter.4}% 7
\BOOKMARK [0][-]{chapter.5}{5 The Solution}{}% 8
\BOOKMARK [1][-]{section.5.1}{5.1 General approach}{chapter.5}% 9
\BOOKMARK [1][-]{section.5.2}{5.2 Algorithm}{chapter.5}% 10
\BOOKMARK [1][-]{section.5.3}{5.3 Architecture}{chapter.5}% 11
\BOOKMARK [1][-]{section.5.4}{5.4 Correctness of Approach}{chapter.5}% 12
\BOOKMARK [0][-]{chapter.6}{6 Implementation \046 technical details}{}% 13
\BOOKMARK [1][-]{section.6.1}{6.1 RESTful Server}{chapter.6}% 14
\BOOKMARK [1][-]{section.6.2}{6.2 Merkle B+ tree}{chapter.6}% 15
\BOOKMARK [1][-]{section.6.3}{6.3 Radix Path Identifier}{chapter.6}% 16
\BOOKMARK [1][-]{section.6.4}{6.4 Key-value Datastore}{chapter.6}% 17
\BOOKMARK [1][-]{section.6.5}{6.5 Safety measures}{chapter.6}% 18
\BOOKMARK [0][-]{chapter.7}{7 The Performance Evaluation}{}% 19
\BOOKMARK [1][-]{section.7.1}{7.1 Test-Setup}{chapter.7}% 20
\BOOKMARK [1][-]{section.7.2}{7.2 Results}{chapter.7}% 21
\BOOKMARK [0][-]{chapter.8}{8 Conclusion and Future Work}{}% 22
\BOOKMARK [1][-]{section.8.1}{8.1 Future work}{chapter.8}% 23
\BOOKMARK [0][-]{chapter.9}{9 Acknowledgement}{}% 24
